2026.02.03 16:06:05 INFO  Started: Metals version 1.6.5 in folders 'C:\Users\nisha\Documents\sample\ecom\Ecom-PaymentService' for client Cursor 1.105.1.
2026.02.03 16:06:05 INFO  Memory monitor started
2026.02.03 16:06:06 WARN  Using H2 2.4.240 which is newer than the version Flyway has been verified with. The latest verified version of H2 is 2.3.232.
2026.02.03 16:06:07 INFO  no build target found for C:\Users\nisha\Documents\sample\ecom\Ecom-PaymentService\paymentservice\src\main\java\com\PaymentService\paymentservice\paymentgateway\RazorpaymentGateway.java. Using fallback presentation compiler.
2026.02.03 16:06:19 INFO  no build target found for C:\Users\nisha\Documents\sample\ecom\Ecom-PaymentService\paymentservice\src\main\java\com\PaymentService\paymentservice\paymentgateway\RazorpaymentGateway.java. Using fallback presentation compiler.
2026.02.03 16:06:19 INFO  no build target found for C:\Users\nisha\Documents\sample\ecom\Ecom-PaymentService\paymentservice\src\main\java\com\PaymentService\paymentservice\paymentgateway\RazorpaymentGateway.java. Using fallback presentation compiler.
Feb 03, 2026 4:06:20 PM org.eclipse.lsp4j.jsonrpc.RemoteEndpoint handleCancellation
WARNING: Unmatched cancel notification for request id 8
2026.02.03 16:06:22 INFO  no build target found for C:\Users\nisha\Documents\sample\ecom\Ecom-PaymentService\paymentservice\src\main\java\com\PaymentService\paymentservice\paymentgateway\RazorpaymentGateway.java. Using fallback presentation compiler.
2026.02.03 16:06:23 INFO  no build target found for C:\Users\nisha\Documents\sample\ecom\Ecom-PaymentService\paymentservice\src\main\java\com\PaymentService\paymentservice\paymentgateway\RazorpaymentGateway.java. Using fallback presentation compiler.
2026.02.03 16:06:23 INFO  no build target found for C:\Users\nisha\Documents\sample\ecom\Ecom-PaymentService\paymentservice\src\main\java\com\PaymentService\paymentservice\paymentgateway\RazorpaymentGateway.java. Using fallback presentation compiler.
2026.02.03 16:06:33 INFO  no build target found for C:\Users\nisha\Documents\sample\ecom\Ecom-PaymentService\paymentservice\src\main\java\com\PaymentService\paymentservice\paymentgateway\RazorpaymentGateway.java. Using fallback presentation compiler.
2026.02.03 16:07:13 INFO  no build target found for C:\Users\nisha\Documents\sample\ecom\Ecom-PaymentService\paymentservice\src\main\java\com\PaymentService\paymentservice\paymentgateway\RazorpaymentGateway.java. Using fallback presentation compiler.
2026.02.03 16:07:14 INFO  no build target found for C:\Users\nisha\Documents\sample\ecom\Ecom-PaymentService\paymentservice\src\main\java\com\PaymentService\paymentservice\paymentgateway\RazorpaymentGateway.java. Using fallback presentation compiler.
2026.02.03 16:07:14 WARN  no build target for: C:\Users\nisha\Documents\sample\ecom\Ecom-PaymentService\paymentservice\src\main\java\com\PaymentService\paymentservice\paymentgateway\RazorpaymentGateway.java
Feb 03, 2026 4:07:14 PM org.eclipse.lsp4j.jsonrpc.RemoteEndpoint handleCancellation
WARNING: Unmatched cancel notification for request id 16
2026.02.03 16:07:17 INFO  no build target found for C:\Users\nisha\Documents\sample\ecom\Ecom-PaymentService\paymentservice\src\main\java\com\PaymentService\paymentservice\paymentgateway\RazorpaymentGateway.java. Using fallback presentation compiler.
2026.02.03 16:07:19 INFO  no build target found for C:\Users\nisha\Documents\sample\ecom\Ecom-PaymentService\paymentservice\src\main\java\com\PaymentService\paymentservice\paymentgateway\RazorpaymentGateway.java. Using fallback presentation compiler.
2026.02.03 16:10:19 INFO  no build target found for C:\Users\nisha\Documents\sample\ecom\Ecom-PaymentService\paymentservice\src\main\java\com\PaymentService\paymentservice\paymentgateway\RazorpaymentGateway.java. Using fallback presentation compiler.
2026.02.03 16:10:19 WARN  no build target for: C:\Users\nisha\Documents\sample\ecom\Ecom-PaymentService\paymentservice\src\main\java\com\PaymentService\paymentservice\paymentgateway\RazorpaymentGateway.java
2026.02.03 16:10:23 WARN  no build target for: C:\Users\nisha\Documents\sample\ecom\Ecom-PaymentService\paymentservice\src\main\java\com\PaymentService\paymentservice\paymentgateway\RazorpaymentGateway.java
2026.02.03 16:10:23 INFO  no build target found for C:\Users\nisha\Documents\sample\ecom\Ecom-PaymentService\paymentservice\src\main\java\com\PaymentService\paymentservice\paymentgateway\RazorpaymentGateway.java. Using fallback presentation compiler.
2026.02.03 16:12:50 INFO  no build target found for C:\Users\nisha\Documents\sample\ecom\Ecom-PaymentService\paymentservice\src\main\java\com\PaymentService\paymentservice\paymentgateway\RazorpaymentGateway.java. Using fallback presentation compiler.
2026.02.03 16:13:29 INFO  no build target found for C:\Users\nisha\Documents\sample\ecom\Ecom-PaymentService\paymentservice\src\main\java\com\PaymentService\paymentservice\paymentgateway\RazorpaymentGateway.java. Using fallback presentation compiler.
2026.02.03 16:13:29 WARN  no build target for: C:\Users\nisha\Documents\sample\ecom\Ecom-PaymentService\paymentservice\src\main\java\com\PaymentService\paymentservice\paymentgateway\RazorpaymentGateway.java
2026.02.03 16:13:30 INFO  no build target found for C:\Users\nisha\Documents\sample\ecom\Ecom-PaymentService\paymentservice\src\main\java\com\PaymentService\paymentservice\paymentgateway\RazorpaymentGateway.java. Using fallback presentation compiler.
2026.02.03 16:13:58 INFO  no build target found for C:\Users\nisha\Documents\sample\ecom\Ecom-PaymentService\paymentservice\src\main\java\com\PaymentService\paymentservice\paymentgateway\RazorpaymentGateway.java. Using fallback presentation compiler.
2026.02.03 16:13:58 WARN  no build target for: C:\Users\nisha\Documents\sample\ecom\Ecom-PaymentService\paymentservice\src\main\java\com\PaymentService\paymentservice\paymentgateway\RazorpaymentGateway.java
2026.02.03 16:13:58 INFO  no build target found for C:\Users\nisha\Documents\sample\ecom\Ecom-PaymentService\paymentservice\src\main\java\com\PaymentService\paymentservice\paymentgateway\RazorpaymentGateway.java. Using fallback presentation compiler.
2026.02.03 16:14:02 INFO  no build target found for C:\Users\nisha\Documents\sample\ecom\Ecom-PaymentService\paymentservice\src\main\java\com\PaymentService\paymentservice\paymentgateway\RazorpaymentGateway.java. Using fallback presentation compiler.
2026.02.03 16:14:02 WARN  no build target for: C:\Users\nisha\Documents\sample\ecom\Ecom-PaymentService\paymentservice\src\main\java\com\PaymentService\paymentservice\paymentgateway\RazorpaymentGateway.java
2026.02.03 16:14:02 INFO  no build target found for C:\Users\nisha\Documents\sample\ecom\Ecom-PaymentService\paymentservice\src\main\java\com\PaymentService\paymentservice\paymentgateway\RazorpaymentGateway.java. Using fallback presentation compiler.
2026.02.03 16:14:05 INFO  no build target found for C:\Users\nisha\Documents\sample\ecom\Ecom-PaymentService\paymentservice\src\main\java\com\PaymentService\paymentservice\paymentgateway\RazorpaymentGateway.java. Using fallback presentation compiler.
2026.02.03 16:14:05 WARN  no build target for: C:\Users\nisha\Documents\sample\ecom\Ecom-PaymentService\paymentservice\src\main\java\com\PaymentService\paymentservice\paymentgateway\RazorpaymentGateway.java
2026.02.03 16:14:06 INFO  no build target found for C:\Users\nisha\Documents\sample\ecom\Ecom-PaymentService\paymentservice\src\main\java\com\PaymentService\paymentservice\paymentgateway\RazorpaymentGateway.java. Using fallback presentation compiler.
2026.02.03 16:14:27 WARN  no build target for: C:\Users\nisha\Documents\sample\ecom\Ecom-PaymentService\paymentservice\src\main\java\com\PaymentService\paymentservice\paymentgateway\RazorpaymentGateway.java
2026.02.03 16:14:27 INFO  no build target found for C:\Users\nisha\Documents\sample\ecom\Ecom-PaymentService\paymentservice\src\main\java\com\PaymentService\paymentservice\paymentgateway\RazorpaymentGateway.java. Using fallback presentation compiler.
2026.02.03 16:32:14 INFO  Shutting down server
2026.02.03 16:32:14 INFO  Memory monitor stopped
2026.02.03 16:32:14 INFO  shutting down Metals
2026.02.03 16:32:14 INFO  Exiting server
2026.02.03 16:32:15 ERROR Unexpected error initializing server: 
org.eclipse.lsp4j.jsonrpc.ResponseErrorException: Request window/showMessageRequest failed with message: Canceled
	at org.eclipse.lsp4j.jsonrpc.RemoteEndpoint.handleResponse(RemoteEndpoint.java:220)
	at org.eclipse.lsp4j.jsonrpc.RemoteEndpoint.consume(RemoteEndpoint.java:204)
	at org.eclipse.lsp4j.jsonrpc.json.StreamMessageProducer.handleMessage(StreamMessageProducer.java:185)
	at org.eclipse.lsp4j.jsonrpc.json.StreamMessageProducer.listen(StreamMessageProducer.java:97)
	at org.eclipse.lsp4j.jsonrpc.json.ConcurrentMessageProcessor.run(ConcurrentMessageProcessor.java:114)
	at java.util.concurrent.Executors$RunnableAdapter.call(Executors.java:572)
	at java.util.concurrent.FutureTask.run(FutureTask.java:317)
	at java.util.concurrent.ThreadPoolExecutor.runWorker(ThreadPoolExecutor.java:1144)
	at java.util.concurrent.ThreadPoolExecutor$Worker.run(ThreadPoolExecutor.java:642)
	at java.lang.Thread.run(Thread.java:1583)

